WARNING 2020-01-01 22:18:49,542 log 228 Not Found: /
WARNING 2020-01-01 22:18:49,543 basehttp 154 "GET / HTTP/1.1" 404 3153
INFO 2020-01-01 22:33:51,350 basehttp 154 "GET /users/money/ HTTP/1.1" 200 16
INFO 2020-01-01 22:33:51,375 basehttp 154 "GET /nav/ HTTP/1.1" 200 82
INFO 2020-01-01 22:33:51,375 basehttp 154 "GET /carts/foods/ HTTP/1.1" 200 102
INFO 2020-01-01 22:33:51,376 basehttp 154 "GET /foods/cate/ HTTP/1.1" 200 82
INFO 2020-01-01 22:33:51,389 basehttp 154 "GET /foods/list/?ordering=-id&page=1 HTTP/1.1" 200 408
INFO 2020-01-01 22:40:06,781 basehttp 154 "GET /foods/list/?ordering=-id&page=1&course_category=1 HTTP/1.1" 200 408
INFO 2020-01-01 22:40:10,544 basehttp 154 "GET /foods/list/?ordering=-price&page=1&course_category=1 HTTP/1.1" 200 408
INFO 2020-01-01 22:48:32,497 basehttp 154 "GET /banner/ HTTP/1.1" 200 476
INFO 2020-01-01 22:48:32,497 basehttp 154 "GET /nav/ HTTP/1.1" 200 82
INFO 2020-01-01 22:48:54,100 basehttp 154 "OPTIONS /users/login/ HTTP/1.1" 200 0
INFO 2020-01-01 22:48:54,218 basehttp 154 "POST /users/login/ HTTP/1.1" 200 212
INFO 2020-01-01 22:48:55,506 basehttp 154 "OPTIONS /carts/foods/ HTTP/1.1" 200 0
INFO 2020-01-01 22:48:55,510 basehttp 154 "OPTIONS /users/money/ HTTP/1.1" 200 0
INFO 2020-01-01 22:48:55,514 basehttp 154 "GET /nav/ HTTP/1.1" 200 82
INFO 2020-01-01 22:48:55,522 basehttp 154 "GET /banner/ HTTP/1.1" 200 476
INFO 2020-01-01 22:48:55,533 basehttp 154 "GET /users/money/ HTTP/1.1" 200 16
INFO 2020-01-01 22:48:55,536 basehttp 154 "GET /carts/foods/ HTTP/1.1" 200 102
INFO 2020-01-01 22:49:02,153 basehttp 154 "GET /foods/cate/ HTTP/1.1" 200 82
INFO 2020-01-01 22:49:02,154 basehttp 154 "GET /foods/list/?ordering=-id&page=1 HTTP/1.1" 200 408
INFO 2020-01-01 22:49:02,154 basehttp 154 "GET /nav/ HTTP/1.1" 200 82
INFO 2020-01-01 22:49:02,156 basehttp 154 "GET /carts/foods/ HTTP/1.1" 200 102
INFO 2020-01-01 22:49:02,157 basehttp 154 "GET /users/money/ HTTP/1.1" 200 16
INFO 2020-01-01 22:49:08,591 basehttp 154 "GET /foods/list/?ordering=-price&page=1 HTTP/1.1" 200 408
INFO 2020-01-01 22:49:10,613 basehttp 154 "GET /foods/list/?ordering=price&page=1 HTTP/1.1" 200 408
INFO 2020-01-01 22:49:13,325 basehttp 154 "GET /foods/list/?ordering=-price&page=1 HTTP/1.1" 200 408
INFO 2020-01-01 22:49:14,381 basehttp 154 "GET /foods/list/?ordering=price&page=1 HTTP/1.1" 200 408
INFO 2020-01-01 22:49:15,125 basehttp 154 "GET /foods/list/?ordering=-price&page=1 HTTP/1.1" 200 408
INFO 2020-01-01 22:49:17,238 basehttp 154 "GET /foods/list/?ordering=price&page=1 HTTP/1.1" 200 408
INFO 2020-01-01 22:49:19,820 basehttp 154 "GET /foods/list/?ordering=-price&page=1 HTTP/1.1" 200 408
INFO 2020-01-01 22:49:20,604 basehttp 154 "GET /foods/list/?ordering=price&page=1 HTTP/1.1" 200 408
INFO 2020-01-01 22:49:29,733 basehttp 154 "GET /foods/list/?ordering=-price&page=1 HTTP/1.1" 200 408
INFO 2020-01-01 22:49:30,292 basehttp 154 "GET /foods/list/?ordering=price&page=1 HTTP/1.1" 200 408
INFO 2020-01-01 22:49:32,005 basehttp 154 "GET /foods/list/?ordering=-price&page=1 HTTP/1.1" 200 408
INFO 2020-01-01 22:49:35,565 basehttp 154 "GET /foods/list/?ordering=price&page=1 HTTP/1.1" 200 408
INFO 2020-01-01 22:49:40,405 basehttp 154 "GET /foods/list/?ordering=-price&page=1 HTTP/1.1" 200 408
INFO 2020-01-01 22:49:41,340 basehttp 154 "GET /foods/list/?ordering=price&page=1 HTTP/1.1" 200 408
INFO 2020-01-03 22:40:19,721 basehttp 154 "GET /xadmin/ HTTP/1.1" 200 17573
INFO 2020-01-03 22:40:19,844 basehttp 154 "GET /xadmin/jsi18n/ HTTP/1.1" 200 3185
WARNING 2020-01-03 22:40:20,126 log 228 Not Found: /favicon.ico
WARNING 2020-01-03 22:40:20,127 basehttp 154 "GET /favicon.ico HTTP/1.1" 404 3204
INFO 2020-01-03 22:40:27,096 basehttp 154 "GET /xadmin/users/user/ HTTP/1.1" 200 41193
INFO 2020-01-03 22:40:27,167 basehttp 154 "GET /xadmin/jsi18n/ HTTP/1.1" 200 3185
INFO 2020-01-03 22:40:31,000 basehttp 154 "GET /xadmin/users/user/add/ HTTP/1.1" 200 20672
INFO 2020-01-03 22:40:31,044 basehttp 154 "GET /xadmin/jsi18n/ HTTP/1.1" 200 3185
INFO 2020-01-03 22:41:05,978 basehttp 154 "GET /xadmin/users/user/ HTTP/1.1" 200 41193
INFO 2020-01-06 12:04:04,493 basehttp 154 "GET /xadmin HTTP/1.1" 301 0
INFO 2020-01-06 12:04:04,661 basehttp 154 "GET /xadmin/ HTTP/1.1" 200 19157
INFO 2020-01-06 12:04:04,745 basehttp 154 "GET /xadmin/jsi18n/ HTTP/1.1" 200 3185
INFO 2020-01-06 12:04:12,872 basehttp 154 "GET /xadmin/home/bannerinfo/ HTTP/1.1" 200 37593
INFO 2020-01-06 12:04:12,925 basehttp 154 "GET /xadmin/jsi18n/ HTTP/1.1" 200 3185
INFO 2020-01-06 12:04:15,432 basehttp 154 "GET /xadmin/home/bannerinfo/9/update/ HTTP/1.1" 200 24802
INFO 2020-01-06 12:04:15,486 basehttp 154 "GET /xadmin/jsi18n/ HTTP/1.1" 200 3185
INFO 2020-01-06 12:04:21,364 basehttp 154 "GET /xadmin/home/bannerinfo/9/update/ HTTP/1.1" 200 24802
INFO 2020-01-06 12:04:21,413 basehttp 154 "GET /xadmin/jsi18n/ HTTP/1.1" 200 3185
INFO 2020-01-06 12:04:23,168 basehttp 154 "GET /xadmin/home/bannerinfo/9/update/ HTTP/1.1" 200 24802
INFO 2020-01-06 12:04:23,198 basehttp 154 "GET /xadmin/jsi18n/ HTTP/1.1" 200 3185
INFO 2020-01-06 12:04:47,486 basehttp 154 "GET /xadmin/home/bannerinfo/9/update/ HTTP/1.1" 200 24802
INFO 2020-01-06 12:04:47,530 basehttp 154 "GET /xadmin/jsi18n/ HTTP/1.1" 200 3185
INFO 2020-01-06 16:51:21,299 basehttp 154 "GET /banner/ HTTP/1.1" 200 476
INFO 2020-01-06 16:51:21,302 basehttp 154 "GET /nav/ HTTP/1.1" 200 82
INFO 2020-01-06 16:51:21,389 basehttp 154 "GET /media/banner/m6.jpeg HTTP/1.1" 200 48447
INFO 2020-01-06 16:51:21,390 basehttp 154 "GET /media/banner/m8.jpeg HTTP/1.1" 200 45074
INFO 2020-01-06 16:51:21,407 basehttp 154 "GET /media/banner/m9.jpeg HTTP/1.1" 200 55554
INFO 2020-01-06 16:51:21,418 basehttp 154 "GET /media/banner/m7.jpeg HTTP/1.1" 200 135468
INFO 2020-01-06 16:51:21,426 basehttp 154 "GET /media/banner/cp2.jpg HTTP/1.1" 200 318608
INFO 2020-01-06 16:51:42,399 basehttp 154 "OPTIONS /users/login/ HTTP/1.1" 200 0
INFO 2020-01-06 16:51:42,491 basehttp 154 "POST /users/login/ HTTP/1.1" 200 212
INFO 2020-01-06 16:51:45,919 basehttp 154 "OPTIONS /carts/foods/ HTTP/1.1" 200 0
INFO 2020-01-06 16:51:45,920 basehttp 154 "OPTIONS /users/money/ HTTP/1.1" 200 0
INFO 2020-01-06 16:51:45,925 basehttp 154 "GET /nav/ HTTP/1.1" 200 82
INFO 2020-01-06 16:51:45,934 basehttp 154 "GET /banner/ HTTP/1.1" 200 476
INFO 2020-01-06 16:51:45,936 basehttp 154 "GET /users/money/ HTTP/1.1" 200 16
INFO 2020-01-06 16:51:45,936 basehttp 154 "GET /carts/foods/ HTTP/1.1" 200 2
INFO 2020-01-06 16:51:49,529 basehttp 154 "OPTIONS /users/money/ HTTP/1.1" 200 0
INFO 2020-01-06 16:51:49,531 basehttp 154 "GET /foods/cate/ HTTP/1.1" 200 82
INFO 2020-01-06 16:51:49,543 basehttp 154 "GET /foods/list/?ordering=-id&page=1 HTTP/1.1" 200 1930
INFO 2020-01-06 16:51:49,544 basehttp 154 "OPTIONS /carts/foods/ HTTP/1.1" 200 0
INFO 2020-01-06 16:51:49,545 basehttp 154 "GET /nav/ HTTP/1.1" 200 82
INFO 2020-01-06 16:51:49,553 basehttp 154 "GET /carts/foods/ HTTP/1.1" 200 2
INFO 2020-01-06 16:51:49,556 basehttp 154 "GET /media/food/m9.jpeg HTTP/1.1" 200 55554
INFO 2020-01-06 16:51:49,557 basehttp 154 "GET /media/food/m7.jpeg HTTP/1.1" 200 135468
INFO 2020-01-06 16:51:49,557 basehttp 154 "GET /users/money/ HTTP/1.1" 200 16
INFO 2020-01-06 16:51:49,562 basehttp 154 "GET /media/food/m8.jpeg HTTP/1.1" 200 45074
INFO 2020-01-06 16:51:49,566 basehttp 154 "GET /media/food/m6.jpeg HTTP/1.1" 200 48447
INFO 2020-01-06 16:51:49,566 basehttp 154 "GET /media/food/m4.jpeg HTTP/1.1" 200 39542
INFO 2020-01-06 16:51:49,569 basehttp 154 "GET /media/food/m2.jpeg HTTP/1.1" 200 55486
INFO 2020-01-06 16:51:49,572 basehttp 154 "GET /media/food/m1.jpeg HTTP/1.1" 200 69774
INFO 2020-01-06 16:51:49,576 basehttp 154 "GET /media/food/cp3.jpg HTTP/1.1" 200 255262
INFO 2020-01-06 16:51:49,577 basehttp 154 "GET /media/food/cp4.jpg HTTP/1.1" 200 334554
INFO 2020-01-06 16:51:49,581 basehttp 154 "GET /media/food/cp2.jpg HTTP/1.1" 200 318608
INFO 2020-01-06 16:51:49,581 basehttp 154 "GET /media/food/cp1.jpg HTTP/1.1" 200 41737
INFO 2020-01-06 16:51:49,583 basehttp 154 "GET /media/food/m5.jpeg HTTP/1.1" 200 43968
INFO 2020-01-06 16:51:51,382 basehttp 154 "POST /carts/foods/ HTTP/1.1" 200 58
INFO 2020-01-06 16:51:53,143 basehttp 154 "OPTIONS /carts/foods/ HTTP/1.1" 200 0
INFO 2020-01-06 16:51:53,143 basehttp 154 "OPTIONS /users/money/ HTTP/1.1" 200 0
INFO 2020-01-06 16:51:53,143 basehttp 154 "OPTIONS /carts/foods/ HTTP/1.1" 200 0
INFO 2020-01-06 16:51:53,148 basehttp 154 "GET /nav/ HTTP/1.1" 200 82
INFO 2020-01-06 16:51:53,154 basehttp 154 "GET /users/money/ HTTP/1.1" 200 16
INFO 2020-01-06 16:51:53,156 basehttp 154 "GET /carts/foods/ HTTP/1.1" 200 94
INFO 2020-01-06 16:51:53,158 basehttp 154 "GET /carts/foods/ HTTP/1.1" 200 94
INFO 2020-01-06 16:51:55,493 basehttp 154 "OPTIONS /orders/ HTTP/1.1" 200 0
INFO 2020-01-06 16:51:55,568 basehttp 154 "POST /orders/ HTTP/1.1" 200 70
INFO 2020-01-06 16:51:59,962 basehttp 154 "OPTIONS /orders/20200106165155000000011789/ HTTP/1.1" 200 0
INFO 2020-01-06 16:51:59,962 basehttp 154 "OPTIONS /users/money/ HTTP/1.1" 200 0
INFO 2020-01-06 16:51:59,963 basehttp 154 "OPTIONS /carts/foods/ HTTP/1.1" 200 0
INFO 2020-01-06 16:51:59,976 basehttp 154 "GET /users/money/ HTTP/1.1" 200 16
INFO 2020-01-06 16:51:59,983 basehttp 154 "GET /carts/foods/ HTTP/1.1" 200 2
INFO 2020-01-06 16:51:59,986 basehttp 154 "GET /orders/20200106165155000000011789/ HTTP/1.1" 200 291
INFO 2020-01-06 16:51:59,986 basehttp 154 "GET /nav/ HTTP/1.1" 200 82
INFO 2020-01-06 16:54:19,317 basehttp 154 "POST /users/money/ HTTP/1.1" 200 40
INFO 2020-01-06 17:00:35,924 basehttp 154 "OPTIONS /carts/foods/ HTTP/1.1" 200 0
INFO 2020-01-06 17:00:35,936 basehttp 154 "OPTIONS /users/money/ HTTP/1.1" 200 0
INFO 2020-01-06 17:00:35,937 basehttp 154 "GET /carts/foods/ HTTP/1.1" 200 2
INFO 2020-01-06 17:00:35,944 basehttp 154 "GET /users/money/ HTTP/1.1" 200 16
INFO 2020-01-06 17:00:35,950 basehttp 154 "GET /banner/ HTTP/1.1" 200 476
INFO 2020-01-06 17:00:35,953 basehttp 154 "GET /nav/ HTTP/1.1" 200 82
INFO 2020-01-06 17:08:20,001 basehttp 154 "OPTIONS /users/money/ HTTP/1.1" 200 0
INFO 2020-01-06 17:08:20,007 basehttp 154 "OPTIONS /users/1/orders/ HTTP/1.1" 200 0
INFO 2020-01-06 17:08:20,009 basehttp 154 "GET /users/money/ HTTP/1.1" 200 16
INFO 2020-01-06 17:08:20,028 basehttp 154 "GET /nav/ HTTP/1.1" 200 82
INFO 2020-01-06 17:08:20,028 basehttp 154 "OPTIONS /carts/foods/ HTTP/1.1" 200 0
INFO 2020-01-06 17:08:20,042 basehttp 154 "GET /carts/foods/ HTTP/1.1" 200 2
INFO 2020-01-06 17:08:20,043 basehttp 154 "GET /users/1/orders/ HTTP/1.1" 200 1509
INFO 2020-01-06 17:08:20,186 basehttp 154 "GET /media/food/yuxiang.jpg HTTP/1.1" 200 33658
INFO 2020-01-06 17:08:20,188 basehttp 154 "GET /media/food/tuDuShaoji.jpg HTTP/1.1" 200 72100
INFO 2020-01-06 17:08:25,361 basehttp 154 "GET /carts/foods/ HTTP/1.1" 200 2
INFO 2020-01-06 17:08:25,364 basehttp 154 "GET /users/money/ HTTP/1.1" 200 16
INFO 2020-01-06 17:08:25,367 basehttp 154 "GET /nav/ HTTP/1.1" 200 82
INFO 2020-01-06 17:08:25,379 basehttp 154 "GET /users/1/orders/ HTTP/1.1" 200 1509
INFO 2020-01-06 17:08:45,242 basehttp 154 "GET /nav/ HTTP/1.1" 200 82
INFO 2020-01-06 17:08:45,242 basehttp 154 "OPTIONS /users/money/ HTTP/1.1" 200 0
INFO 2020-01-06 17:08:45,246 basehttp 154 "OPTIONS /carts/foods/ HTTP/1.1" 200 0
INFO 2020-01-06 17:08:45,251 basehttp 154 "GET /banner/ HTTP/1.1" 200 476
INFO 2020-01-06 17:08:45,255 basehttp 154 "GET /carts/foods/ HTTP/1.1" 200 2
INFO 2020-01-06 17:08:45,256 basehttp 154 "GET /users/money/ HTTP/1.1" 200 16
INFO 2020-01-06 17:09:02,437 basehttp 154 "GET /nav/ HTTP/1.1" 200 82
INFO 2020-01-06 17:09:02,441 basehttp 154 "GET /banner/ HTTP/1.1" 200 476
INFO 2020-01-06 17:09:02,443 basehttp 154 "GET /carts/foods/ HTTP/1.1" 200 2
INFO 2020-01-06 17:09:02,448 basehttp 154 "GET /users/money/ HTTP/1.1" 200 16
INFO 2020-01-06 17:09:11,150 basehttp 154 "OPTIONS /users/money/ HTTP/1.1" 200 0
INFO 2020-01-06 17:09:11,151 basehttp 154 "OPTIONS /users/1/orders/ HTTP/1.1" 200 0
INFO 2020-01-06 17:09:11,152 basehttp 154 "OPTIONS /carts/foods/ HTTP/1.1" 200 0
INFO 2020-01-06 17:09:11,161 basehttp 154 "GET /nav/ HTTP/1.1" 200 82
INFO 2020-01-06 17:09:11,168 basehttp 154 "GET /users/money/ HTTP/1.1" 200 16
INFO 2020-01-06 17:09:11,171 basehttp 154 "GET /carts/foods/ HTTP/1.1" 200 2
INFO 2020-01-06 17:09:11,186 basehttp 154 "GET /users/1/orders/ HTTP/1.1" 200 1509
INFO 2020-01-06 17:10:29,377 basehttp 154 "GET /banner/ HTTP/1.1" 200 476
INFO 2020-01-06 17:10:29,380 basehttp 154 "OPTIONS /users/money/ HTTP/1.1" 200 0
INFO 2020-01-06 17:10:29,385 basehttp 154 "OPTIONS /carts/foods/ HTTP/1.1" 200 0
INFO 2020-01-06 17:10:29,388 basehttp 154 "GET /carts/foods/ HTTP/1.1" 200 2
INFO 2020-01-06 17:10:29,391 basehttp 154 "GET /users/money/ HTTP/1.1" 200 16
INFO 2020-01-06 17:10:29,394 basehttp 154 "GET /nav/ HTTP/1.1" 200 82
INFO 2020-01-06 17:14:32,979 basehttp 154 "OPTIONS /carts/foods/ HTTP/1.1" 200 0
INFO 2020-01-06 17:14:32,986 basehttp 154 "OPTIONS /users/money/ HTTP/1.1" 200 0
INFO 2020-01-06 17:14:32,986 basehttp 154 "GET /nav/ HTTP/1.1" 200 82
INFO 2020-01-06 17:14:32,993 basehttp 154 "GET /carts/foods/ HTTP/1.1" 200 2
INFO 2020-01-06 17:14:32,993 basehttp 154 "OPTIONS /carts/foods/ HTTP/1.1" 200 0
INFO 2020-01-06 17:14:33,000 basehttp 154 "GET /users/money/ HTTP/1.1" 200 16
INFO 2020-01-06 17:14:33,001 basehttp 154 "GET /carts/foods/ HTTP/1.1" 200 2
INFO 2020-01-06 17:14:36,340 basehttp 154 "GET /banner/ HTTP/1.1" 200 476
INFO 2020-01-06 17:14:36,340 basehttp 154 "GET /nav/ HTTP/1.1" 200 82
INFO 2020-01-06 17:14:36,341 basehttp 154 "GET /carts/foods/ HTTP/1.1" 200 2
INFO 2020-01-06 17:14:36,344 basehttp 154 "GET /users/money/ HTTP/1.1" 200 16
INFO 2020-01-06 17:14:40,893 basehttp 154 "OPTIONS /users/money/ HTTP/1.1" 200 0
INFO 2020-01-06 17:14:40,895 basehttp 154 "OPTIONS /carts/foods/ HTTP/1.1" 200 0
INFO 2020-01-06 17:14:40,919 basehttp 154 "GET /foods/cate/ HTTP/1.1" 200 82
INFO 2020-01-06 17:14:40,919 basehttp 154 "GET /nav/ HTTP/1.1" 200 82
INFO 2020-01-06 17:14:40,919 basehttp 154 "GET /foods/list/?ordering=-id&page=1 HTTP/1.1" 200 1930
INFO 2020-01-06 17:14:40,920 basehttp 154 "GET /users/money/ HTTP/1.1" 200 16
INFO 2020-01-06 17:14:40,920 basehttp 154 "GET /carts/foods/ HTTP/1.1" 200 2
INFO 2020-01-06 17:14:43,963 basehttp 154 "POST /carts/foods/ HTTP/1.1" 200 58
INFO 2020-01-06 17:14:45,632 basehttp 154 "OPTIONS /users/money/ HTTP/1.1" 200 0
INFO 2020-01-06 17:14:45,633 basehttp 154 "OPTIONS /carts/foods/ HTTP/1.1" 200 0
INFO 2020-01-06 17:14:45,634 basehttp 154 "OPTIONS /carts/foods/ HTTP/1.1" 200 0
INFO 2020-01-06 17:14:45,645 basehttp 154 "GET /nav/ HTTP/1.1" 200 82
INFO 2020-01-06 17:14:45,648 basehttp 154 "GET /users/money/ HTTP/1.1" 200 16
INFO 2020-01-06 17:14:45,651 basehttp 154 "GET /carts/foods/ HTTP/1.1" 200 95
INFO 2020-01-06 17:14:45,652 basehttp 154 "GET /carts/foods/ HTTP/1.1" 200 95
INFO 2020-01-06 17:14:46,573 basehttp 154 "OPTIONS /orders/ HTTP/1.1" 200 0
INFO 2020-01-06 17:14:46,665 basehttp 154 "POST /orders/ HTTP/1.1" 200 70
INFO 2020-01-06 17:14:54,629 basehttp 154 "OPTIONS /orders/20200106171446000000011376/ HTTP/1.1" 200 0
INFO 2020-01-06 17:14:54,633 basehttp 154 "OPTIONS /carts/foods/ HTTP/1.1" 200 0
INFO 2020-01-06 17:14:54,636 basehttp 154 "OPTIONS /users/money/ HTTP/1.1" 200 0
INFO 2020-01-06 17:14:54,648 basehttp 154 "GET /carts/foods/ HTTP/1.1" 200 2
INFO 2020-01-06 17:14:54,649 basehttp 154 "GET /nav/ HTTP/1.1" 200 82
INFO 2020-01-06 17:14:54,652 basehttp 154 "GET /users/money/ HTTP/1.1" 200 16
INFO 2020-01-06 17:14:54,657 basehttp 154 "GET /orders/20200106171446000000011376/ HTTP/1.1" 200 292
INFO 2020-01-06 17:21:35,628 basehttp 154 "GET /carts/foods/ HTTP/1.1" 200 2
INFO 2020-01-06 17:21:35,632 basehttp 154 "GET /nav/ HTTP/1.1" 200 82
INFO 2020-01-06 17:21:35,633 basehttp 154 "GET /users/money/ HTTP/1.1" 200 16
INFO 2020-01-06 17:21:35,634 basehttp 154 "GET /carts/foods/ HTTP/1.1" 200 2
INFO 2020-01-06 17:34:33,596 basehttp 154 "OPTIONS /carts/foods/ HTTP/1.1" 200 0
INFO 2020-01-06 17:34:33,601 basehttp 154 "OPTIONS /users/money/ HTTP/1.1" 200 0
INFO 2020-01-06 17:34:33,611 basehttp 154 "OPTIONS /carts/foods/ HTTP/1.1" 200 0
INFO 2020-01-06 17:34:33,646 basehttp 154 "GET /users/money/ HTTP/1.1" 200 16
INFO 2020-01-06 17:34:33,649 basehttp 154 "GET /nav/ HTTP/1.1" 200 82
INFO 2020-01-06 17:34:33,659 basehttp 154 "GET /carts/foods/ HTTP/1.1" 200 2
INFO 2020-01-06 17:34:33,660 basehttp 154 "GET /carts/foods/ HTTP/1.1" 200 2
INFO 2020-01-06 17:34:55,244 basehttp 154 "OPTIONS /carts/foods/ HTTP/1.1" 200 0
INFO 2020-01-06 17:34:55,251 basehttp 154 "OPTIONS /users/money/ HTTP/1.1" 200 0
INFO 2020-01-06 17:34:55,258 basehttp 154 "GET /nav/ HTTP/1.1" 200 82
INFO 2020-01-06 17:34:55,263 basehttp 154 "GET /foods/cate/ HTTP/1.1" 200 82
INFO 2020-01-06 17:34:55,265 basehttp 154 "GET /users/money/ HTTP/1.1" 200 16
INFO 2020-01-06 17:34:55,271 basehttp 154 "GET /foods/list/?ordering=-id&page=1 HTTP/1.1" 200 1930
INFO 2020-01-06 17:34:55,281 basehttp 154 "GET /media/food/m8.jpeg HTTP/1.1" 304 0
INFO 2020-01-06 17:34:55,285 basehttp 154 "GET /media/food/m4.jpeg HTTP/1.1" 304 0
INFO 2020-01-06 17:34:55,286 basehttp 154 "GET /media/food/m6.jpeg HTTP/1.1" 304 0
INFO 2020-01-06 17:34:55,287 basehttp 154 "GET /media/food/m5.jpeg HTTP/1.1" 304 0
INFO 2020-01-06 17:34:55,287 basehttp 154 "GET /media/food/m2.jpeg HTTP/1.1" 304 0
INFO 2020-01-06 17:34:55,290 basehttp 154 "GET /media/food/cp4.jpg HTTP/1.1" 304 0
INFO 2020-01-06 17:34:55,291 basehttp 154 "GET /media/food/m9.jpeg HTTP/1.1" 304 0
INFO 2020-01-06 17:34:55,292 basehttp 154 "GET /media/food/cp2.jpg HTTP/1.1" 304 0
INFO 2020-01-06 17:34:55,292 basehttp 154 "GET /media/food/m1.jpeg HTTP/1.1" 304 0
INFO 2020-01-06 17:34:55,294 basehttp 154 "GET /carts/foods/ HTTP/1.1" 200 2
INFO 2020-01-06 17:34:55,299 basehttp 154 "GET /media/food/m7.jpeg HTTP/1.1" 304 0
INFO 2020-01-06 17:34:55,306 basehttp 154 "GET /media/food/cp3.jpg HTTP/1.1" 304 0
INFO 2020-01-06 17:34:55,309 basehttp 154 "GET /media/food/cp1.jpg HTTP/1.1" 304 0
INFO 2020-01-06 17:34:56,857 basehttp 154 "POST /carts/foods/ HTTP/1.1" 200 58
INFO 2020-01-06 17:35:54,059 basehttp 154 "OPTIONS /carts/foods/ HTTP/1.1" 200 0
INFO 2020-01-06 17:35:54,060 basehttp 154 "OPTIONS /carts/foods/ HTTP/1.1" 200 0
INFO 2020-01-06 17:35:54,061 basehttp 154 "OPTIONS /users/money/ HTTP/1.1" 200 0
INFO 2020-01-06 17:35:54,069 basehttp 154 "GET /nav/ HTTP/1.1" 200 82
INFO 2020-01-06 17:35:54,075 basehttp 154 "GET /users/money/ HTTP/1.1" 200 16
INFO 2020-01-06 17:35:54,078 basehttp 154 "GET /carts/foods/ HTTP/1.1" 200 95
INFO 2020-01-06 17:35:54,078 basehttp 154 "GET /carts/foods/ HTTP/1.1" 200 95
INFO 2020-01-06 17:35:57,227 basehttp 154 "OPTIONS /orders/ HTTP/1.1" 200 0
INFO 2020-01-06 17:35:57,306 basehttp 154 "POST /orders/ HTTP/1.1" 200 80
INFO 2020-01-06 17:36:00,053 basehttp 154 "OPTIONS /users/money/ HTTP/1.1" 200 0
INFO 2020-01-06 17:36:00,053 basehttp 154 "OPTIONS /orders/20200106173557000000014741/ HTTP/1.1" 200 0
INFO 2020-01-06 17:36:00,054 basehttp 154 "OPTIONS /carts/foods/ HTTP/1.1" 200 0
INFO 2020-01-06 17:36:00,068 basehttp 154 "GET /nav/ HTTP/1.1" 200 82
INFO 2020-01-06 17:36:00,070 basehttp 154 "GET /carts/foods/ HTTP/1.1" 200 2
INFO 2020-01-06 17:36:00,079 basehttp 154 "GET /users/money/ HTTP/1.1" 200 16
INFO 2020-01-06 17:36:00,081 basehttp 154 "GET /orders/20200106173557000000014741/ HTTP/1.1" 200 293
